<?xml version="1.0" encoding="UTF-8"?>
<!-- Generated by org.testng.reporters.JUnitXMLReporter -->
<testsuite ignored="0" hostname="Sudersonas-MacBook-Air.local" failures="1" tests="1" name="Surefire test" time="17.578" errors="0" timestamp="2024-08-23T16:11:02 IST">
  <testcase classname="io.cucumber.testng.AbstractTestNGCucumberTests" name="runScenario" time="0.283">
    <failure type="java.lang.NullPointerException" message="Cannot invoke &amp;quot;Important.CommonMethods.assertElementIsDisplayed(org.openqa.selenium.By)&amp;quot; because &amp;quot;StepDefinitions.Login.commonMethods&amp;quot; is null">
      <![CDATA[java.lang.NullPointerException: Cannot invoke "Important.CommonMethods.assertElementIsDisplayed(org.openqa.selenium.By)" because "StepDefinitions.Login.commonMethods" is null
at StepDefinitions.Login.PopUpDisappears(Login.java:59)
at âœ½.Cookie pop-up disappears(file:///Users/sudersonabasu/IdeaProjects/TestFrameworkSeleniumCucumber/src/test/resources/FeatureFiles/Login.feature:6)
]]>
    </failure>
  </testcase> <!-- runScenario -->
</testsuite> <!-- Surefire test -->
