<?xml version="1.0" encoding="UTF-8"?>
<!-- Generated by org.testng.reporters.JUnitReportReporter -->
<testsuite hostname="Sudersonas-MacBook-Air.local" failures="0" tests="1" name="Important.TestRunner" time="0.283" errors="1" timestamp="2024-08-23T16:11:03 IST" skipped="0">
  <testcase classname="Important.TestRunner" name="runScenario" time="0.283">
    <error message="Cannot invoke &quot;Important.CommonMethods.assertElementIsDisplayed(org.openqa.selenium.By)&quot; because &quot;StepDefinitions.Login.commonMethods&quot; is null" type="java.lang.NullPointerException">
      <![CDATA[java.lang.NullPointerException: Cannot invoke "Important.CommonMethods.assertElementIsDisplayed(org.openqa.selenium.By)" because "StepDefinitions.Login.commonMethods" is null
at StepDefinitions.Login.PopUpDisappears(Login.java:59)
at âœ½.Cookie pop-up disappears(file:///Users/sudersonabasu/IdeaProjects/TestFrameworkSeleniumCucumber/src/test/resources/FeatureFiles/Login.feature:6)
]]>
    </error>
  </testcase> <!-- runScenario -->
  <system-out/>
</testsuite> <!-- Important.TestRunner -->
